2021-01-12 01:18:29,876   GET     200     158 ms  /3/Cloud
2021-01-12 01:18:29,934   GET     200      26 ms  /3/Capabilities/API
2021-01-12 01:19:04,601   GET     200     429 ms  /3/Frames/frame_rdd_19_969a92d8c7e53063f7982e4d8384dbe/light
2021-01-12 01:19:04,686   GET     200      76 ms  /3/Frames/frame_rdd_19_969a92d8c7e53063f7982e4d8384dbe
2021-01-12 01:19:05,730   POST    200     888 ms  /3/ImportFilesMulti
2021-01-12 01:19:06,582   POST    200     847 ms  /3/ParseSetup
2021-01-12 01:19:06,732   POST    200     145 ms  /3/Parse
2021-01-12 01:19:06,752   GET     200      15 ms  /3/Jobs/$0300ffffffff$_88019662604605b014ffdcd6133947da
2021-01-12 01:19:06,961   GET     200       2 ms  /3/Jobs/$0300ffffffff$_88019662604605b014ffdcd6133947da
2021-01-12 01:19:07,168   GET     200       1 ms  /3/Jobs/$0300ffffffff$_88019662604605b014ffdcd6133947da
2021-01-12 01:19:07,375   GET     200       1 ms  /3/Jobs/$0300ffffffff$_88019662604605b014ffdcd6133947da
2021-01-12 01:19:07,583   GET     200       2 ms  /3/Jobs/$0300ffffffff$_88019662604605b014ffdcd6133947da
2021-01-12 01:19:07,789   GET     200       0 ms  /3/Jobs/$0300ffffffff$_88019662604605b014ffdcd6133947da
2021-01-12 01:19:08,004   GET     200       1 ms  /3/Jobs/$0300ffffffff$_88019662604605b014ffdcd6133947da
2021-01-12 01:19:08,264   GET     200       4 ms  /3/Jobs/$0300ffffffff$_88019662604605b014ffdcd6133947da
2021-01-12 01:19:08,576   GET     200       2 ms  /3/Jobs/$0300ffffffff$_88019662604605b014ffdcd6133947da
2021-01-12 01:19:08,750   GET     200     165 ms  /3/Frames/AmazonReviews.hex
2021-01-12 01:19:08,836   POST    200      17 ms  /4/sessions
2021-01-12 01:19:09,323   POST    200     483 ms  /99/Rapids
2021-01-12 01:19:09,489   GET     200     161 ms  /3/Frames/py_1_sid_a89c
2021-01-12 01:19:10,553   POST    200      57 ms  /99/Rapids
2021-01-12 01:19:10,723   GET     200     163 ms  /3/Frames/py_2_sid_a89c
2021-01-12 01:19:10,883   GET     200     116 ms  /3/DownloadDataset
2021-01-12 01:19:10,957   POST    200      61 ms  /99/Rapids
2021-01-12 01:19:26,760   POST    200     199 ms  /99/Rapids
2021-01-12 01:19:26,860   GET     200      94 ms  /3/Frames/py_3_sid_a89c
2021-01-12 01:19:27,053   POST    200      95 ms  /99/Rapids
2021-01-12 01:19:27,067   GET     200       9 ms  /3/Frames/py_4_sid_a89c
2021-01-12 01:19:27,473   POST    200       5 ms  /99/Rapids
2021-01-12 01:19:27,857   GET     200     379 ms  /3/DownloadDataset
2021-01-12 01:19:28,041   POST    200       3 ms  /99/Rapids
2021-01-12 01:19:29,230   POST    200     278 ms  /99/Rapids
2021-01-12 01:19:29,474   GET     200     237 ms  /3/Frames/py_7_sid_a89c
2021-01-12 01:19:29,801   POST    200     168 ms  /99/Rapids
2021-01-12 01:19:29,979   GET     200     174 ms  /3/Frames/py_8_sid_a89c
2021-01-12 01:19:30,183   POST    200     100 ms  /99/Rapids
2021-01-12 01:19:30,349   GET     200     161 ms  /3/Frames/py_9_sid_a89c
2021-01-12 01:19:30,407   POST    200       4 ms  /99/Rapids
2021-01-12 01:19:30,993   POST    200     471 ms  /3/ModelBuilders/gbm
2021-01-12 01:19:31,004   GET     200       3 ms  /3/Jobs/$0300ffffffff$_9a8a1667e64959b255472321779046e7
2021-01-12 01:19:31,212   GET     200       2 ms  /3/Jobs/$0300ffffffff$_9a8a1667e64959b255472321779046e7
2021-01-12 01:19:31,427   GET     200       6 ms  /3/Jobs/$0300ffffffff$_9a8a1667e64959b255472321779046e7
2021-01-12 01:19:31,636   GET     200       1 ms  /3/Jobs/$0300ffffffff$_9a8a1667e64959b255472321779046e7
2021-01-12 01:19:31,843   GET     200       0 ms  /3/Jobs/$0300ffffffff$_9a8a1667e64959b255472321779046e7
2021-01-12 01:19:32,054   GET     200       6 ms  /3/Jobs/$0300ffffffff$_9a8a1667e64959b255472321779046e7
2021-01-12 01:19:32,271   GET     200       1 ms  /3/Jobs/$0300ffffffff$_9a8a1667e64959b255472321779046e7
2021-01-12 01:19:32,531   GET     200       1 ms  /3/Jobs/$0300ffffffff$_9a8a1667e64959b255472321779046e7
2021-01-12 01:19:32,846   GET     200       3 ms  /3/Jobs/$0300ffffffff$_9a8a1667e64959b255472321779046e7
2021-01-12 01:19:33,227   GET     200       7 ms  /3/Jobs/$0300ffffffff$_9a8a1667e64959b255472321779046e7
2021-01-12 01:19:33,684   GET     200       7 ms  /3/Jobs/$0300ffffffff$_9a8a1667e64959b255472321779046e7
2021-01-12 01:19:34,232   GET     200       6 ms  /3/Jobs/$0300ffffffff$_9a8a1667e64959b255472321779046e7
2021-01-12 01:19:34,893   GET     200       9 ms  /3/Jobs/$0300ffffffff$_9a8a1667e64959b255472321779046e7
2021-01-12 01:19:35,683   GET     200       6 ms  /3/Jobs/$0300ffffffff$_9a8a1667e64959b255472321779046e7
2021-01-12 01:19:36,029   GET     200     339 ms  /3/Models/gbm_baseline.hex
2021-01-12 01:19:36,692   GET     200     100 ms  /99/Models.bin/gbm_baseline.hex
