INFO:  2021-06-02 15:17:04,116 - sparkmonitorkernel - 139 - MainProcess -         140110043662144 - MainThread
 Starting Kernel Extension 

INFO:  2021-06-02 15:17:04,117 - sparkmonitorkernel - 139 - MainProcess -         140110043662144 - MainThread
 Socket Listening on port 51341 

INFO:  2021-06-02 15:17:04,117 - sparkmonitorkernel - 139 - MainProcess -         140109088679680 - Thread-4
 Starting socket thread, going to accept 

INFO:  2021-06-02 15:17:04,118 - sparkmonitorkernel - 139 - MainProcess -         140110043662144 - MainThread
 51341 

INFO:  2021-06-02 15:17:04,118 - sparkmonitorkernel - 139 - MainProcess -         140110043662144 - MainThread
 Adding jar from /opt/conda/lib/python3.7/site-packages/sparkmonitor/listener.jar  

INFO:  2021-06-02 15:17:04,214 - sparkmonitorkernel - 139 - MainProcess -         140110043662144 - MainThread
 COMM OPENED MESSAGE: 
 {'header': {'msg_id': '125944c8773b4e1c807ca2f6a515aaf6', 'username': 'username', 'session': 'c267cdb6b9a04bf48bfd0038c1a22a31', 'msg_type': 'comm_open', 'version': '5.2', 'date': datetime.datetime(2021, 6, 2, 15, 17, 4, 213900, tzinfo=datetime.timezone.utc)}, 'msg_id': '125944c8773b4e1c807ca2f6a515aaf6', 'msg_type': 'comm_open', 'parent_header': {}, 'metadata': {}, 'content': {'comm_id': '0cbdd3dbf08d4c848b0b02dc2c916cd0', 'target_name': 'SparkMonitor', 'data': {'msgtype': 'openfromfrontend'}}, 'buffers': []} 
 

INFO:  2021-06-02 15:17:04,785 - sparkmonitorkernel - 139 - MainProcess -         140110043662144 - MainThread
 COMM OPENED MESSAGE: 
 {'header': {'msg_id': 'b62e2bffa8cc495b8c1d697ee8cba790', 'username': 'username', 'session': 'c267cdb6b9a04bf48bfd0038c1a22a31', 'msg_type': 'comm_open', 'version': '5.2', 'date': datetime.datetime(2021, 6, 2, 15, 17, 4, 784763, tzinfo=datetime.timezone.utc)}, 'msg_id': 'b62e2bffa8cc495b8c1d697ee8cba790', 'msg_type': 'comm_open', 'parent_header': {}, 'metadata': {}, 'content': {'comm_id': '0084aa0811c54753872ab47d6e70bedb', 'target_name': 'SparkMonitor', 'data': {'msgtype': 'openfromfrontend'}}, 'buffers': []} 
 

INFO:  2021-06-02 15:21:22,530 - sparkmonitorkernel - 139 - MainProcess -         140110043662144 - MainThread
 COMM OPENED MESSAGE: 
 {'header': {'msg_id': '1b0c978c4c5646d18fd7b96ced7817ba', 'username': 'username', 'session': 'c267cdb6b9a04bf48bfd0038c1a22a31', 'msg_type': 'comm_open', 'version': '5.2', 'date': datetime.datetime(2021, 6, 2, 15, 21, 22, 529125, tzinfo=datetime.timezone.utc)}, 'msg_id': '1b0c978c4c5646d18fd7b96ced7817ba', 'msg_type': 'comm_open', 'parent_header': {}, 'metadata': {}, 'content': {'comm_id': '24255175e09c474cb04b1247303d217a', 'target_name': 'SparkMonitor', 'data': {'msgtype': 'openfromfrontend'}}, 'buffers': []} 
 

INFO:  2021-06-02 15:48:28,016 - sparkmonitorkernel - 122 - MainProcess -         139889916905280 - MainThread
 Starting Kernel Extension 

INFO:  2021-06-02 15:48:28,045 - sparkmonitorkernel - 122 - MainProcess -         139889916905280 - MainThread
 Socket Listening on port 34435 

INFO:  2021-06-02 15:48:28,045 - sparkmonitorkernel - 122 - MainProcess -         139888961816320 - Thread-4
 Starting socket thread, going to accept 

INFO:  2021-06-02 15:48:28,045 - sparkmonitorkernel - 122 - MainProcess -         139889916905280 - MainThread
 34435 

INFO:  2021-06-02 15:48:28,046 - sparkmonitorkernel - 122 - MainProcess -         139889916905280 - MainThread
 Adding jar from /opt/conda/lib/python3.7/site-packages/sparkmonitor/listener.jar  

INFO:  2021-06-02 15:48:28,088 - sparkmonitorkernel - 122 - MainProcess -         139889916905280 - MainThread
 COMM OPENED MESSAGE: 
 {'header': {'msg_id': '1d1a2747ef9b407e875c8a238d909e51', 'username': 'username', 'session': 'e7309efe4fca429990b72942bb351ed0', 'msg_type': 'comm_open', 'version': '5.2', 'date': datetime.datetime(2021, 6, 2, 15, 48, 28, 87977, tzinfo=datetime.timezone.utc)}, 'msg_id': '1d1a2747ef9b407e875c8a238d909e51', 'msg_type': 'comm_open', 'parent_header': {}, 'metadata': {}, 'content': {'comm_id': '9505c4bda25d4f088a5f8aab7babd1aa', 'target_name': 'SparkMonitor', 'data': {'msgtype': 'openfromfrontend'}}, 'buffers': []} 
 

INFO:  2021-06-02 15:48:28,645 - sparkmonitorkernel - 122 - MainProcess -         139889916905280 - MainThread
 COMM OPENED MESSAGE: 
 {'header': {'msg_id': 'f1b51e2b6509414286ebe80365af5b11', 'username': 'username', 'session': 'e7309efe4fca429990b72942bb351ed0', 'msg_type': 'comm_open', 'version': '5.2', 'date': datetime.datetime(2021, 6, 2, 15, 48, 28, 644416, tzinfo=datetime.timezone.utc)}, 'msg_id': 'f1b51e2b6509414286ebe80365af5b11', 'msg_type': 'comm_open', 'parent_header': {}, 'metadata': {}, 'content': {'comm_id': '3632c8c1cd554e3a8f872044cb1ba976', 'target_name': 'SparkMonitor', 'data': {'msgtype': 'openfromfrontend'}}, 'buffers': []} 
 

INFO:  2021-06-02 22:32:52,100 - sparkmonitorkernel - 122 - MainProcess -         139889916905280 - MainThread
 COMM OPENED MESSAGE: 
 {'header': {'msg_id': '8cd953fe10014aaa9bffeb73169b714d', 'username': 'username', 'session': 'e7309efe4fca429990b72942bb351ed0', 'msg_type': 'comm_open', 'version': '5.2', 'date': datetime.datetime(2021, 6, 2, 22, 32, 52, 99415, tzinfo=datetime.timezone.utc)}, 'msg_id': '8cd953fe10014aaa9bffeb73169b714d', 'msg_type': 'comm_open', 'parent_header': {}, 'metadata': {}, 'content': {'comm_id': '237c8ac4747d4292bc27c1cbc509796e', 'target_name': 'SparkMonitor', 'data': {'msgtype': 'openfromfrontend'}}, 'buffers': []} 
 

